<?xml version="1.0" encoding="UTF-8"?>
<testng-results ignored="0" total="1" passed="1" failed="0" skipped="0">
  <reporter-output>
  </reporter-output>
  <suite started-at="2022-11-26T13:57:26 WIB" name="Default suite" finished-at="2022-11-26T13:57:32 WIB" duration-ms="5097">
    <groups>
    </groups>
    <test started-at="2022-11-26T13:57:26 WIB" name="Default test" finished-at="2022-11-26T13:57:32 WIB" duration-ms="5097">
      <class name="AssignmentTamarin.run_automation.APITest">
        <test-method signature="SignUp()[pri:0, instance:AssignmentTamarin.run_automation.APITest@20f5281c]" started-at="2022-11-26T13:57:27 WIB" name="SignUp" finished-at="2022-11-26T13:57:31 WIB" duration-ms="4933" status="PASS">
          <reporter-output>
          </reporter-output>
        </test-method> <!-- SignUp -->
      </class> <!-- AssignmentTamarin.run_automation.APITest -->
    </test> <!-- Default test -->
  </suite> <!-- Default suite -->
</testng-results>
